Crashlog created at 2023-04-20 11:32:23 -0400

===== MESSAGE:

Nanoc::Core::Errors::CannotUseTextualFilter: The “#<Class:0x0000000105354a48>” filter cannot be used to filter the “/content/FAQ/first.cg” item (rep “default”), because textual filters cannot be used on binary items.

===== ITEM BEING COMPILED:

Current item: /content/FAQ/first.cg (:default representation)

===== STACK TRACE:

  0. /Users/pitosalas/.rbenv/versions/3.1.2/lib/ruby/gems/3.1.0/gems/nanoc-core-4.12.10/lib/nanoc/core/executor.rb:112:in `filter_for_filtering'
  1. /Users/pitosalas/.rbenv/versions/3.1.2/lib/ruby/gems/3.1.0/gems/nanoc-core-4.12.10/lib/nanoc/core/executor.rb:13:in `filter'
  2. /Users/pitosalas/.rbenv/versions/3.1.2/lib/ruby/gems/3.1.0/gems/nanoc-core-4.12.10/lib/nanoc/core/compilation_phases/recalculate.rb:32:in `block in run'
  3. /Users/pitosalas/.rbenv/versions/3.1.2/lib/ruby/gems/3.1.0/gems/nanoc-core-4.12.10/lib/nanoc/core/action_sequence.rb:50:in `each'
  4. /Users/pitosalas/.rbenv/versions/3.1.2/lib/ruby/gems/3.1.0/gems/nanoc-core-4.12.10/lib/nanoc/core/action_sequence.rb:50:in `each'
  5. /Users/pitosalas/.rbenv/versions/3.1.2/lib/ruby/gems/3.1.0/gems/nanoc-core-4.12.10/lib/nanoc/core/compilation_phases/recalculate.rb:29:in `run'
  6. /Users/pitosalas/.rbenv/versions/3.1.2/lib/ruby/gems/3.1.0/gems/nanoc-core-4.12.10/lib/nanoc/core/compilation_phases/abstract.rb:23:in `call'
  7. /Users/pitosalas/.rbenv/versions/3.1.2/lib/ruby/gems/3.1.0/gems/nanoc-core-4.12.10/lib/nanoc/core/compilation_phases/abstract.rb:25:in `block in call'
  8. /Users/pitosalas/.rbenv/versions/3.1.2/lib/ruby/gems/3.1.0/gems/nanoc-core-4.12.10/lib/nanoc/core/compilation_phases/cache.rb:28:in `run'
  9. /Users/pitosalas/.rbenv/versions/3.1.2/lib/ruby/gems/3.1.0/gems/nanoc-core-4.12.10/lib/nanoc/core/compilation_phases/abstract.rb:23:in `call'
  10. /Users/pitosalas/.rbenv/versions/3.1.2/lib/ruby/gems/3.1.0/gems/nanoc-core-4.12.10/lib/nanoc/core/compilation_phases/abstract.rb:25:in `block in call'

===== VERSION INFORMATION:

Nanoc 4.12.10 © 2007–2022 Denis Defreyne.
Running ruby 3.1.2 (2022-04-12) on arm64-darwin21 with RubyGems 3.3.7.

===== SYSTEM INFORMATION:

Darwin rpsmacbookpro13.dyn.brandeis.edu 22.4.0 Darwin Kernel Version 22.4.0: Mon Mar  6 20:59:28 PST 2023; root:xnu-8796.101.5~3/RELEASE_ARM64_T6000 arm64

===== INSTALLED GEMS:

  abbrev 0.1.0
  actioncable 7.0.4
  actionmailbox 7.0.4
  actionmailer 7.0.4
  actionpack 7.0.4
  actiontext 7.0.4
  actionview 7.0.4
  activejob 7.0.4
  activemodel 7.0.4
  activerecord 7.0.4
  activestorage 7.0.4
  activesupport 7.0.1, 7.0.4
  addressable 2.8.0, 2.8.1
  adsf 1.4.6
  adsf-live 1.4.6
  base64 0.1.1
  bcrypt 3.1.18
  benchmark 0.2.0
  bigdecimal 3.1.1
  bindex 0.8.1
  bootsnap 1.13.0, 1.15.0
  builder 3.2.4
  bundler 2.3.3, 2.3.7
  byebug 11.1.3
  capybara 3.37.1
  cgi 0.3.1
  childprocess 4.1.0
  coderay 1.1.3
  colored 1.2
  concurrent-ruby 1.1.9, 1.1.10
  coursegen 0.9.21
  crass 1.0.6
  cri 2.15.11
  csv 3.2.2
  date 3.2.2
  ddmetrics 1.0.1
  ddplugin 1.0.3
  debug 1.4.0, 1.6.3
  delegate 0.2.0
  did_you_mean 1.6.1
  diff-lcs 1.5.0
  digest 3.1.0
  drb 2.1.0
  em-websocket 0.5.3
  english 0.7.1
  erb 2.2.3
  error_highlight 0.3.0
  erubi 1.11.0
  etc 1.3.0
  eventmachine 1.2.7
  faker 2.23.0
  fcntl 1.0.1
  ffi 1.15.5
  fiddle 1.1.0
  fileutils 1.6.0
  find 0.1.1
  formatador 0.3.0, 1.1.0
  forwardable 1.3.2
  gem-open 0.1.8
  getoptlong 0.1.1
  globalid 1.0.0
  guard 2.18.0
  guard-compat 1.2.1
  guard-shell 0.7.2
  hamster 3.0.0
  http_parser.rb 0.8.0
  i18n 1.8.11, 1.12.0
  icalendar 2.7.1, 2.8.0
  ice_cube 0.16.4
  importmap-rails 1.1.5
  io-console 0.5.11
  io-nonblock 0.1.0
  io-wait 0.2.1
  ipaddr 1.2.4
  irb 1.4.1, 1.4.2, 1.5.1
  jbuilder 2.11.5
  json 2.6.1
  json_response 1.0.1
  json_schema 0.21.0
  kramdown 2.3.1, 2.4.0
  listen 3.7.1
  logger 1.5.0
  loofah 2.19.0
  lumberjack 1.2.8
  mail 2.7.1
  marcel 1.0.2
  matrix 0.4.2
  memo_wise 1.5.0, 1.7.0
  method_source 1.0.0
  mini_mime 1.1.2
  minitest 5.15.0, 5.16.3
  msgpack 1.6.0
  mutex_m 0.1.1
  nanoc 4.12.4, 4.12.10
  nanoc-checking 1.0.2
  nanoc-cli 4.12.4, 4.12.10
  nanoc-core 4.12.4, 4.12.10
  nanoc-deploying 1.0.1, 1.0.2
  nanoc-live 1.0.0
  nenv 0.3.0
  net-ftp 0.1.3
  net-http 0.2.0
  net-imap 0.2.3, 0.3.1
  net-pop 0.1.1, 0.1.2
  net-protocol 0.1.2, 0.1.3
  net-smtp 0.3.1, 0.3.2, 0.3.3
  nio4r 2.5.8
  nkf 0.1.1
  nokogiri 1.13.1, 1.13.9
  notiffany 0.1.3
  observer 0.1.1
  open 0.1.23
  open-uri 0.2.0
  open3 0.1.1
  openssl 3.0.0
  optparse 0.2.0
  ostruct 0.5.2
  parallel 1.21.0, 1.22.1
  pastel 0.8.0
  pathname 0.2.0
  pg 1.4.4, 1.4.5
  power_assert 2.0.1
  pp 0.3.0
  prettyprint 0.1.1
  prime 0.1.2
  pry 0.14.1
  pstore 0.1.1
  psych 4.0.3
  public_suffix 4.0.6, 5.0.0
  puma 5.6.5
  racc 1.6.0
  rack 2.2.3, 2.2.4
  rack-livereload 0.3.17
  rack-test 2.0.2
  rails 7.0.4
  rails-dom-testing 2.0.3
  rails-html-sanitizer 1.4.3
  railties 7.0.4
  rake 13.0.6
  rb-fsevent 0.11.0, 0.11.2
  rb-inotify 0.10.1
  rbs 2.1.0
  rdoc 6.4.0
  readline 0.0.3
  readline-ext 0.1.4
  redis 4.8.0
  regexp_parser 2.6.0
  reline 0.3.0, 0.3.1
  resolv 0.2.1
  resolv-replace 0.1.0
  rexml 3.2.5
  rinda 0.1.1
  rspec 3.10.0
  rspec-core 3.10.1
  rspec-expectations 3.10.2
  rspec-mocks 3.10.2
  rspec-support 3.10.3
  rss 0.2.9
  ruby2_keywords 0.0.5
  rubytree 1.0.2, 2.0.0
  rubyzip 2.3.2
  securerandom 0.1.1
  selenium-webdriver 4.5.0
  set 1.0.2
  shellany 0.0.1
  shellwords 0.1.0
  singleton 0.1.1
  slow_enumerator_tools 1.1.0
  sprockets 4.1.1
  sprockets-rails 3.4.2
  stimulus-rails 1.1.0
  stringio 3.0.1
  strscan 3.0.1
  structured_warnings 0.4.0
  syslog 0.1.0
  tempfile 0.1.2
  test-unit 3.5.3
  thor 1.2.1
  time 0.2.0
  timeout 0.2.0, 0.3.0
  tmpdir 0.1.2
  tsort 0.1.0
  tty-color 0.6.0
  tty-command 0.10.1
  tty-platform 0.3.0
  tty-which 0.5.0
  turbo-rails 1.3.2
  typeprof 0.21.2
  tzinfo 2.0.4, 2.0.5
  un 0.2.0
  uri 0.11.0
  weakref 0.1.1
  web-console 4.2.0
  webdrivers 5.2.0
  websocket 1.2.9
  websocket-driver 0.7.5
  websocket-extensions 0.1.5
  xpath 3.2.0
  yaml 0.2.0
  zeitwerk 2.5.3, 2.6.1, 2.6.6
  zlib 2.1.1

===== LOAD PATHS:

  0. /opt/homebrew/Cellar/rbenv/1.2.0/rbenv.d/exec/gem-rehash
  1. /Users/pitosalas/.rbenv/versions/3.1.2/lib/ruby/gems/3.1.0/gems/colored-1.2/lib
  2. /Users/pitosalas/.rbenv/versions/3.1.2/lib/ruby/gems/3.1.0/gems/nanoc-checking-1.0.2/lib
  3. /Users/pitosalas/.rbenv/versions/3.1.2/lib/ruby/gems/3.1.0/gems/cri-2.15.11/lib
  4. /Users/pitosalas/.rbenv/versions/3.1.2/lib/ruby/gems/3.1.0/gems/diff-lcs-1.5.0/lib
  5. /Users/pitosalas/.rbenv/versions/3.1.2/lib/ruby/gems/3.1.0/gems/ddmetrics-1.0.1/lib
  6. /Users/pitosalas/.rbenv/versions/3.1.2/lib/ruby/gems/3.1.0/gems/ddplugin-1.0.3/lib
  7. /Users/pitosalas/.rbenv/versions/3.1.2/lib/ruby/gems/3.1.0/gems/hamster-3.0.0/lib
  8. /Users/pitosalas/.rbenv/versions/3.1.2/lib/ruby/gems/3.1.0/gems/json_schema-0.21.0/lib
  9. /Users/pitosalas/.rbenv/versions/3.1.2/lib/ruby/gems/3.1.0/gems/slow_enumerator_tools-1.1.0/lib
  10. /Users/pitosalas/.rbenv/versions/3.1.2/lib/ruby/gems/3.1.0/gems/tty-platform-0.3.0/lib
  11. /Users/pitosalas/.rbenv/versions/3.1.2/lib/ruby/gems/3.1.0/gems/nanoc-core-4.12.10/lib
  12. /Users/pitosalas/.rbenv/versions/3.1.2/lib/ruby/gems/3.1.0/gems/nanoc-cli-4.12.10/lib
  13. /Users/pitosalas/.rbenv/versions/3.1.2/lib/ruby/gems/3.1.0/gems/tty-color-0.6.0/lib
  14. /Users/pitosalas/.rbenv/versions/3.1.2/lib/ruby/gems/3.1.0/gems/pastel-0.8.0/lib
  15. /Users/pitosalas/.rbenv/versions/3.1.2/lib/ruby/gems/3.1.0/gems/tty-command-0.10.1/lib
  16. /Users/pitosalas/.rbenv/versions/3.1.2/lib/ruby/gems/3.1.0/gems/tty-which-0.5.0/lib
  17. /Users/pitosalas/.rbenv/versions/3.1.2/lib/ruby/gems/3.1.0/gems/nanoc-4.12.10/lib
  18. /Users/pitosalas/.rbenv/versions/3.1.2/lib/ruby/gems/3.1.0/gems/public_suffix-5.0.0/lib
  19. /Users/pitosalas/.rbenv/versions/3.1.2/lib/ruby/gems/3.1.0/gems/addressable-2.8.1/lib
  20. /Users/pitosalas/.rbenv/versions/3.1.2/lib/ruby/gems/3.1.0/gems/concurrent-ruby-1.1.10/lib/concurrent-ruby
  21. /Users/pitosalas/.rbenv/versions/3.1.2/lib/ruby/gems/3.1.0/gems/memo_wise-1.7.0/lib
  22. /Users/pitosalas/.rbenv/versions/3.1.2/lib/ruby/gems/3.1.0/gems/zeitwerk-2.6.6/lib
  23. /Users/pitosalas/.rbenv/versions/3.1.2/lib/ruby/gems/3.1.0/gems/nanoc-deploying-1.0.2/lib
  24. /Users/pitosalas/.rbenv/versions/3.1.2/lib/ruby/gems/3.1.0/gems/parallel-1.22.1/lib
  25. /Users/pitosalas/.rbenv/versions/3.1.2/lib/ruby/gems/3.1.0/gems/net-protocol-0.1.3/lib
  26. /Users/pitosalas/.rbenv/versions/3.1.2/lib/ruby/gems/3.1.0/gems/timeout-0.3.0/lib
  27. /Users/pitosalas/.rbenv/versions/3.1.2/lib/ruby/gems/3.1.0/gems/adsf-1.4.6/lib
  28. /Users/pitosalas/.rbenv/versions/3.1.2/lib/ruby/gems/3.1.0/gems/byebug-11.1.3/lib
  29. /Users/pitosalas/.rbenv/versions/3.1.2/lib/ruby/gems/3.1.0/extensions/arm64-darwin-21/3.1.0/byebug-11.1.3
  30. /Users/pitosalas/.rbenv/versions/3.1.2/lib/ruby/gems/3.1.0/gems/thor-1.2.1/lib
  31. /Users/pitosalas/.rbenv/versions/3.1.2/lib/ruby/gems/3.1.0/gems/ffi-1.15.5/lib
  32. /Users/pitosalas/.rbenv/versions/3.1.2/lib/ruby/gems/3.1.0/extensions/arm64-darwin-21/3.1.0/ffi-1.15.5
  33. /Users/pitosalas/.rbenv/versions/3.1.2/lib/ruby/gems/3.1.0/gems/rb-inotify-0.10.1/lib
  34. /Users/pitosalas/.rbenv/versions/3.1.2/lib/ruby/gems/3.1.0/gems/listen-3.7.1/lib
  35. /Users/pitosalas/.rbenv/versions/3.1.2/lib/ruby/gems/3.1.0/gems/coderay-1.1.3/lib
  36. /Users/pitosalas/.rbenv/versions/3.1.2/lib/ruby/gems/3.1.0/gems/method_source-1.0.0/lib
  37. /Users/pitosalas/.rbenv/versions/3.1.2/lib/ruby/gems/3.1.0/gems/pry-0.14.1/lib
  38. /Users/pitosalas/.rbenv/versions/3.1.2/lib/ruby/gems/3.1.0/gems/lumberjack-1.2.8/lib
  39. /Users/pitosalas/.rbenv/versions/3.1.2/lib/ruby/gems/3.1.0/gems/nenv-0.3.0/lib
  40. /Users/pitosalas/.rbenv/versions/3.1.2/lib/ruby/gems/3.1.0/gems/shellany-0.0.1/lib
  41. /Users/pitosalas/.rbenv/versions/3.1.2/lib/ruby/gems/3.1.0/gems/notiffany-0.1.3/lib
  42. /Users/pitosalas/.rbenv/versions/3.1.2/lib/ruby/gems/3.1.0/gems/guard-2.18.0/lib
  43. /Users/pitosalas/.rbenv/versions/3.1.2/lib/ruby/gems/3.1.0/gems/guard-compat-1.2.1/lib
  44. /Users/pitosalas/.rbenv/versions/3.1.2/lib/ruby/gems/3.1.0/gems/guard-shell-0.7.2/lib
  45. /Users/pitosalas/.rbenv/versions/3.1.2/lib/ruby/gems/3.1.0/gems/eventmachine-1.2.7/lib
  46. /Users/pitosalas/.rbenv/versions/3.1.2/lib/ruby/gems/3.1.0/extensions/arm64-darwin-21/3.1.0/eventmachine-1.2.7
  47. /Users/pitosalas/.rbenv/versions/3.1.2/lib/ruby/gems/3.1.0/gems/http_parser.rb-0.8.0/lib
  48. /Users/pitosalas/.rbenv/versions/3.1.2/lib/ruby/gems/3.1.0/extensions/arm64-darwin-21/3.1.0/http_parser.rb-0.8.0
  49. /Users/pitosalas/.rbenv/versions/3.1.2/lib/ruby/gems/3.1.0/gems/em-websocket-0.5.3/lib
  50. /Users/pitosalas/.rbenv/versions/3.1.2/lib/ruby/gems/3.1.0/gems/rack-livereload-0.3.17/lib
  51. /Users/pitosalas/.rbenv/versions/3.1.2/lib/ruby/gems/3.1.0/gems/adsf-live-1.4.6/lib
  52. /Users/pitosalas/.rbenv/versions/3.1.2/lib/ruby/gems/3.1.0/gems/nanoc-live-1.0.0/lib
  53. /Users/pitosalas/.rbenv/versions/3.1.2/lib/ruby/gems/3.1.0/gems/coursegen-0.9.21/lib
  54. /Users/pitosalas/.rbenv/versions/3.1.2/lib/ruby/gems/3.1.0/gems/nokogiri-1.13.9-arm64-darwin/lib
  55. /Users/pitosalas/.rbenv/versions/3.1.2/lib/ruby/gems/3.1.0/gems/activesupport-7.0.4/lib
  56. /Users/pitosalas/.rbenv/versions/3.1.2/lib/ruby/gems/3.1.0/gems/i18n-1.12.0/lib
  57. /Users/pitosalas/.rbenv/versions/3.1.2/lib/ruby/gems/3.1.0/gems/tzinfo-2.0.5/lib
  58. /Users/pitosalas/.rbenv/versions/3.1.2/lib/ruby/gems/3.1.0/gems/rubytree-2.0.0/lib
  59. /Users/pitosalas/.rbenv/versions/3.1.2/lib/ruby/gems/3.1.0/gems/ice_cube-0.16.4/lib
  60. /Users/pitosalas/.rbenv/versions/3.1.2/lib/ruby/gems/3.1.0/gems/icalendar-2.8.0/lib
  61. /Users/pitosalas/.rbenv/versions/3.1.2/lib/ruby/site_ruby/3.1.0
  62. /Users/pitosalas/.rbenv/versions/3.1.2/lib/ruby/site_ruby/3.1.0/arm64-darwin21
  63. /Users/pitosalas/.rbenv/versions/3.1.2/lib/ruby/site_ruby
  64. /Users/pitosalas/.rbenv/versions/3.1.2/lib/ruby/vendor_ruby/3.1.0
  65. /Users/pitosalas/.rbenv/versions/3.1.2/lib/ruby/vendor_ruby/3.1.0/arm64-darwin21
  66. /Users/pitosalas/.rbenv/versions/3.1.2/lib/ruby/vendor_ruby
  67. /Users/pitosalas/.rbenv/versions/3.1.2/lib/ruby/3.1.0
  68. /Users/pitosalas/.rbenv/versions/3.1.2/lib/ruby/3.1.0/arm64-darwin21
